[debug] [2022-04-17T13:22:36.754Z] ----------------------------------------------------------------------
[debug] [2022-04-17T13:22:36.757Z] Command:       C:\Program Files\nodejs\node.exe C:\Users\PC3\AppData\Roaming\npm\node_modules\firebase-tools\lib\bin\firebase.js init
[debug] [2022-04-17T13:22:36.758Z] CLI Version:   10.5.0
[debug] [2022-04-17T13:22:36.758Z] Platform:      win32
[debug] [2022-04-17T13:22:36.758Z] Node Version:  v14.17.4
[debug] [2022-04-17T13:22:36.762Z] Time:          Sun Apr 17 2022 14:22:36 GMT+0100 (West Africa Standard Time)
[debug] [2022-04-17T13:22:36.762Z] ----------------------------------------------------------------------
[debug] 
[debug] [2022-04-17T13:22:36.767Z] >>> [apiv2][query] GET https://firebase-public.firebaseio.com/cli.json [none]
[debug] [2022-04-17T13:22:36.803Z] > command requires scopes: ["email","openid","https://www.googleapis.com/auth/cloudplatformprojects.readonly","https://www.googleapis.com/auth/firebase","https://www.googleapis.com/auth/cloud-platform"]
[debug] [2022-04-17T13:22:36.803Z] > authorizing via signed-in user (shuksbakare@gmail.com)
[info] 
     ######## #### ########  ######## ########     ###     ######  ########
     ##        ##  ##     ## ##       ##     ##  ##   ##  ##       ##
     ######    ##  ########  ######   ########  #########  ######  ######
     ##        ##  ##    ##  ##       ##     ## ##     ##       ## ##
     ##       #### ##     ## ######## ########  ##     ##  ######  ########

You're about to initialize a Firebase project in this directory:

  C:\Users\PC3\Documents\personal\react\gmail-clone

[debug] [2022-04-17T13:22:39.627Z] <<< [apiv2][status] GET https://firebase-public.firebaseio.com/cli.json 200
[debug] [2022-04-17T13:22:39.627Z] <<< [apiv2][body] GET https://firebase-public.firebaseio.com/cli.json {"cloudBuildErrorAfter":1594252800000,"cloudBuildWarnAfter":1590019200000,"defaultNode10After":1594252800000,"minVersion":"3.0.5","node8DeploysDisabledAfter":1613390400000,"node8RuntimeDisabledAfter":1615809600000,"node8WarnAfter":1600128000000}
